{"name": "test_product_view_sku", "status": "broken", "statusDetails": {"message": "selenium.common.exceptions.WebDriverException: Message: unknown error: net::ERR_NAME_NOT_RESOLVED\n  (Session info: chrome=112.0.5615.86)\nStacktrace:\nBacktrace:\n\tGetHandleVerifier [0x00EBDCE3+50899]\n\t(No symbol) [0x00E4E111]\n\t(No symbol) [0x00D55588]\n\t(No symbol) [0x00D51D87]\n\t(No symbol) [0x00D48B45]\n\t(No symbol) [0x00D49B1A]\n\t(No symbol) [0x00D48E20]\n\t(No symbol) [0x00D48275]\n\t(No symbol) [0x00D4820C]\n\t(No symbol) [0x00D46F06]\n\t(No symbol) [0x00D47668]\n\t(No symbol) [0x00D56D22]\n\t(No symbol) [0x00DAE631]\n\t(No symbol) [0x00D9B8FC]\n\t(No symbol) [0x00DAE01C]\n\t(No symbol) [0x00D9B6F6]\n\t(No symbol) [0x00D77708]\n\t(No symbol) [0x00D7886D]\n\tGetHandleVerifier [0x01123EAE+2566302]\n\tGetHandleVerifier [0x011592B1+2784417]\n\tGetHandleVerifier [0x0115327C+2759788]\n\tGetHandleVerifier [0x00F55740+672048]\n\t(No symbol) [0x00E58872]\n\t(No symbol) [0x00E541C8]\n\t(No symbol) [0x00E542AB]\n\t(No symbol) [0x00E471B7]\n\tBaseThreadInitThunk [0x75E505B9+25]\n\tRtlGetAppContainerNamedObjectPath [0x7755779D+237]\n\tRtlGetAppContainerNamedObjectPath [0x7755776D+189]", "trace": "def test_product_view_sku():\n        \"\"\"\n        Test case WERT-1\n        \"\"\"\n    \t\t# Описываем опции запуска браузера\n        chrome_options = Options()\n        chrome_options.add_argument(\"start-maximized\") # открываем на полный экран\n        chrome_options.add_argument(\"--disable-infobars\") # отключаем инфо сообщения\n        chrome_options.add_argument(\"--disable-extensions\") # отключаем расширения\n        # chrome_options.add_argument(\"--headless\") # спец. режим \"без браузера\"\n    \n    \t\t# устанавливаем webdriver в соответствии с версией используемого браузера\n        service = Service(ChromeDriverManager().install())\n        # запускаем браузер с указанными выше настройками\n        driver = webdriver.Chrome(service=service, options=chrome_options)\n    \t\t# определяем адрес страницы для теста и переходим на неё\n        url = \"https://test.qa.studio\"\n>       driver.get(url=url)\n\ntests\\test_smoke.py:28: \n_ _ _ _ _ _ _ _ _ _ _ _ _ _ _ _ _ _ _ _ _ _ _ _ _ _ _ _ _ _ _ _ _ _ _ _ _ _ _ _ \nenv\\Lib\\site-packages\\selenium\\webdriver\\remote\\webdriver.py:449: in get\n    self.execute(Command.GET, {\"url\": url})\nenv\\Lib\\site-packages\\selenium\\webdriver\\remote\\webdriver.py:440: in execute\n    self.error_handler.check_response(response)\n_ _ _ _ _ _ _ _ _ _ _ _ _ _ _ _ _ _ _ _ _ _ _ _ _ _ _ _ _ _ _ _ _ _ _ _ _ _ _ _ \n\nself = <selenium.webdriver.remote.errorhandler.ErrorHandler object at 0x000001E2701BE990>\nresponse = {'status': 500, 'value': '{\"value\":{\"error\":\"unknown error\",\"message\":\"unknown error: net::ERR_NAME_NOT_RESOLVED\\\\n  (...\\n\\\\tRtlGetAppContainerNamedObjectPath [0x7755779D+237]\\\\n\\\\tRtlGetAppContainerNamedObjectPath [0x7755776D+189]\\\\n\"}}'}\n\n    def check_response(self, response: Dict[str, Any]) -> None:\n        \"\"\"Checks that a JSON response from the WebDriver does not have an\n        error.\n    \n        :Args:\n         - response - The JSON response from the WebDriver server as a dictionary\n           object.\n    \n        :Raises: If the response contains an error message.\n        \"\"\"\n        status = response.get(\"status\", None)\n        if not status or status == ErrorCode.SUCCESS:\n            return\n        value = None\n        message = response.get(\"message\", \"\")\n        screen: str = response.get(\"screen\", \"\")\n        stacktrace = None\n        if isinstance(status, int):\n            value_json = response.get(\"value\", None)\n            if value_json and isinstance(value_json, str):\n                import json\n    \n                try:\n                    value = json.loads(value_json)\n                    if len(value) == 1:\n                        value = value[\"value\"]\n                    status = value.get(\"error\", None)\n                    if not status:\n                        status = value.get(\"status\", ErrorCode.UNKNOWN_ERROR)\n                        message = value.get(\"value\") or value.get(\"message\")\n                        if not isinstance(message, str):\n                            value = message\n                            message = message.get(\"message\")\n                    else:\n                        message = value.get(\"message\", None)\n                except ValueError:\n                    pass\n    \n        exception_class: Type[WebDriverException]\n        if status in ErrorCode.NO_SUCH_ELEMENT:\n            exception_class = NoSuchElementException\n        elif status in ErrorCode.NO_SUCH_FRAME:\n            exception_class = NoSuchFrameException\n        elif status in ErrorCode.NO_SUCH_SHADOW_ROOT:\n            exception_class = NoSuchShadowRootException\n        elif status in ErrorCode.NO_SUCH_WINDOW:\n            exception_class = NoSuchWindowException\n        elif status in ErrorCode.STALE_ELEMENT_REFERENCE:\n            exception_class = StaleElementReferenceException\n        elif status in ErrorCode.ELEMENT_NOT_VISIBLE:\n            exception_class = ElementNotVisibleException\n        elif status in ErrorCode.INVALID_ELEMENT_STATE:\n            exception_class = InvalidElementStateException\n        elif (\n            status in ErrorCode.INVALID_SELECTOR\n            or status in ErrorCode.INVALID_XPATH_SELECTOR\n            or status in ErrorCode.INVALID_XPATH_SELECTOR_RETURN_TYPER\n        ):\n            exception_class = InvalidSelectorException\n        elif status in ErrorCode.ELEMENT_IS_NOT_SELECTABLE:\n            exception_class = ElementNotSelectableException\n        elif status in ErrorCode.ELEMENT_NOT_INTERACTABLE:\n            exception_class = ElementNotInteractableException\n        elif status in ErrorCode.INVALID_COOKIE_DOMAIN:\n            exception_class = InvalidCookieDomainException\n        elif status in ErrorCode.UNABLE_TO_SET_COOKIE:\n            exception_class = UnableToSetCookieException\n        elif status in ErrorCode.TIMEOUT:\n            exception_class = TimeoutException\n        elif status in ErrorCode.SCRIPT_TIMEOUT:\n            exception_class = TimeoutException\n        elif status in ErrorCode.UNKNOWN_ERROR:\n            exception_class = WebDriverException\n        elif status in ErrorCode.UNEXPECTED_ALERT_OPEN:\n            exception_class = UnexpectedAlertPresentException\n        elif status in ErrorCode.NO_ALERT_OPEN:\n            exception_class = NoAlertPresentException\n        elif status in ErrorCode.IME_NOT_AVAILABLE:\n            exception_class = ImeNotAvailableException\n        elif status in ErrorCode.IME_ENGINE_ACTIVATION_FAILED:\n            exception_class = ImeActivationFailedException\n        elif status in ErrorCode.MOVE_TARGET_OUT_OF_BOUNDS:\n            exception_class = MoveTargetOutOfBoundsException\n        elif status in ErrorCode.JAVASCRIPT_ERROR:\n            exception_class = JavascriptException\n        elif status in ErrorCode.SESSION_NOT_CREATED:\n            exception_class = SessionNotCreatedException\n        elif status in ErrorCode.INVALID_ARGUMENT:\n            exception_class = InvalidArgumentException\n        elif status in ErrorCode.NO_SUCH_COOKIE:\n            exception_class = NoSuchCookieException\n        elif status in ErrorCode.UNABLE_TO_CAPTURE_SCREEN:\n            exception_class = ScreenshotException\n        elif status in ErrorCode.ELEMENT_CLICK_INTERCEPTED:\n            exception_class = ElementClickInterceptedException\n        elif status in ErrorCode.INSECURE_CERTIFICATE:\n            exception_class = InsecureCertificateException\n        elif status in ErrorCode.INVALID_COORDINATES:\n            exception_class = InvalidCoordinatesException\n        elif status in ErrorCode.INVALID_SESSION_ID:\n            exception_class = InvalidSessionIdException\n        elif status in ErrorCode.UNKNOWN_METHOD:\n            exception_class = UnknownMethodException\n        else:\n            exception_class = WebDriverException\n        if not value:\n            value = response[\"value\"]\n        if isinstance(value, str):\n            raise exception_class(value)\n        if message == \"\" and \"message\" in value:\n            message = value[\"message\"]\n    \n        screen = None  # type: ignore[assignment]\n        if \"screen\" in value:\n            screen = value[\"screen\"]\n    \n        stacktrace = None\n        st_value = value.get(\"stackTrace\") or value.get(\"stacktrace\")\n        if st_value:\n            if isinstance(st_value, str):\n                stacktrace = st_value.split(\"\\n\")\n            else:\n                stacktrace = []\n                try:\n                    for frame in st_value:\n                        line = frame.get(\"lineNumber\", \"\")\n                        file = frame.get(\"fileName\", \"<anonymous>\")\n                        if line:\n                            file = f\"{file}:{line}\"\n                        meth = frame.get(\"methodName\", \"<anonymous>\")\n                        if \"className\" in frame:\n                            meth = f\"{frame['className']}.{meth}\"\n                        msg = \"    at %s (%s)\"\n                        msg = msg % (meth, file)\n                        stacktrace.append(msg)\n                except TypeError:\n                    pass\n        if exception_class == UnexpectedAlertPresentException:\n            alert_text = None\n            if \"data\" in value:\n                alert_text = value[\"data\"].get(\"text\")\n            elif \"alert\" in value:\n                alert_text = value[\"alert\"].get(\"text\")\n            raise exception_class(message, screen, stacktrace, alert_text)  # type: ignore[call-arg]  # mypy is not smart enough here\n>       raise exception_class(message, screen, stacktrace)\nE       selenium.common.exceptions.WebDriverException: Message: unknown error: net::ERR_NAME_NOT_RESOLVED\nE         (Session info: chrome=112.0.5615.86)\nE       Stacktrace:\nE       Backtrace:\nE       \tGetHandleVerifier [0x00EBDCE3+50899]\nE       \t(No symbol) [0x00E4E111]\nE       \t(No symbol) [0x00D55588]\nE       \t(No symbol) [0x00D51D87]\nE       \t(No symbol) [0x00D48B45]\nE       \t(No symbol) [0x00D49B1A]\nE       \t(No symbol) [0x00D48E20]\nE       \t(No symbol) [0x00D48275]\nE       \t(No symbol) [0x00D4820C]\nE       \t(No symbol) [0x00D46F06]\nE       \t(No symbol) [0x00D47668]\nE       \t(No symbol) [0x00D56D22]\nE       \t(No symbol) [0x00DAE631]\nE       \t(No symbol) [0x00D9B8FC]\nE       \t(No symbol) [0x00DAE01C]\nE       \t(No symbol) [0x00D9B6F6]\nE       \t(No symbol) [0x00D77708]\nE       \t(No symbol) [0x00D7886D]\nE       \tGetHandleVerifier [0x01123EAE+2566302]\nE       \tGetHandleVerifier [0x011592B1+2784417]\nE       \tGetHandleVerifier [0x0115327C+2759788]\nE       \tGetHandleVerifier [0x00F55740+672048]\nE       \t(No symbol) [0x00E58872]\nE       \t(No symbol) [0x00E541C8]\nE       \t(No symbol) [0x00E542AB]\nE       \t(No symbol) [0x00E471B7]\nE       \tBaseThreadInitThunk [0x75E505B9+25]\nE       \tRtlGetAppContainerNamedObjectPath [0x7755779D+237]\nE       \tRtlGetAppContainerNamedObjectPath [0x7755776D+189]\n\nenv\\Lib\\site-packages\\selenium\\webdriver\\remote\\errorhandler.py:245: WebDriverException"}, "description": "\n    Test case WERT-1\n    ", "start": 1681718554531, "stop": 1681718598717, "uuid": "818dd685-e821-41aa-86d7-f5f314fec461", "historyId": "8c25a645e5147088196780d23973e669", "testCaseId": "b182a51fe23b38aee766531a5bd60411", "fullName": "tests.test_smoke#test_product_view_sku", "labels": [{"name": "parentSuite", "value": "tests"}, {"name": "suite", "value": "test_smoke"}, {"name": "host", "value": "DESKTOP-7NEJ2RB"}, {"name": "thread", "value": "8648-MainThread"}, {"name": "framework", "value": "pytest"}, {"name": "language", "value": "cpython3"}, {"name": "package", "value": "tests.test_smoke"}]}